Sending build context to Docker daemon  657.4kB
Step 1/10 : FROM pytorch/pytorch:1.10.0-cuda11.3-cudnn8-runtime
 ---> c3f17e5ac010
Step 2/10 : LABEL maintainer "Daniel Haase <dockerhub@dhaase.de>"
 ---> Using cache
 ---> 57f7a0e112c4
Step 3/10 : ENV DEBIAN_FRONTEND=noninteractive
 ---> Using cache
 ---> af576e92d969
Step 4/10 : RUN apt-get update && apt-get install --no-install-recommends --assume-yes     less     mc     nano     vim     && rm -rf /var/lib/apt/lists/*
 ---> Using cache
 ---> 40e39615c323
Step 5/10 : RUN pip install --upgrade 'pip' &&     pip install --no-cache-dir     'opencv-python-headless>=4.4.0,<5.0'     'scikit-image'     'scikit-learn'     'scipy'     'matplotlib'
 ---> Running in 0972b49c172c
Requirement already satisfied: pip in /opt/conda/lib/python3.7/site-packages (21.0.1)
Collecting pip
  Downloading pip-21.3.1-py3-none-any.whl (1.7 MB)
Installing collected packages: pip
  Attempting uninstall: pip
    Found existing installation: pip 21.0.1
    Uninstalling pip-21.0.1:
      Successfully uninstalled pip-21.0.1
Successfully installed pip-21.3.1
Collecting opencv-python-headless<5.0,>=4.4.0
  Downloading opencv_python_headless-4.5.4.60-cp37-cp37m-manylinux_2_17_x86_64.manylinux2014_x86_64.whl (47.6 MB)
Collecting scikit-image
  Downloading scikit_image-0.18.3-cp37-cp37m-manylinux_2_5_x86_64.manylinux1_x86_64.whl (29.2 MB)
Collecting scikit-learn
  Downloading scikit_learn-1.0.1-cp37-cp37m-manylinux_2_12_x86_64.manylinux2010_x86_64.whl (23.2 MB)
Collecting scipy
  Downloading scipy-1.7.2-cp37-cp37m-manylinux_2_12_x86_64.manylinux2010_x86_64.whl (38.2 MB)
Collecting matplotlib
  Downloading matplotlib-3.5.0-cp37-cp37m-manylinux_2_5_x86_64.manylinux1_x86_64.whl (11.2 MB)
Requirement already satisfied: numpy>=1.14.5 in /opt/conda/lib/python3.7/site-packages (from opencv-python-headless<5.0,>=4.4.0) (1.21.2)
Collecting networkx>=2.0
  Downloading networkx-2.6.3-py3-none-any.whl (1.9 MB)
Requirement already satisfied: pillow!=7.1.0,!=7.1.1,>=4.3.0 in /opt/conda/lib/python3.7/site-packages (from scikit-image) (8.4.0)
Collecting imageio>=2.3.0
  Downloading imageio-2.11.1-py3-none-any.whl (3.3 MB)
Collecting PyWavelets>=1.1.1
  Downloading PyWavelets-1.2.0-cp37-cp37m-manylinux_2_5_x86_64.manylinux1_x86_64.whl (6.1 MB)
Collecting tifffile>=2019.7.26
  Downloading tifffile-2021.11.2-py3-none-any.whl (178 kB)
Collecting joblib>=0.11
  Downloading joblib-1.1.0-py2.py3-none-any.whl (306 kB)
Collecting threadpoolctl>=2.0.0
  Downloading threadpoolctl-3.0.0-py3-none-any.whl (14 kB)
Collecting cycler>=0.10
  Downloading cycler-0.11.0-py3-none-any.whl (6.4 kB)
Collecting fonttools>=4.22.0
  Downloading fonttools-4.28.2-py3-none-any.whl (880 kB)
Collecting setuptools-scm>=4
  Downloading setuptools_scm-6.3.2-py3-none-any.whl (33 kB)
Collecting python-dateutil>=2.7
  Downloading python_dateutil-2.8.2-py2.py3-none-any.whl (247 kB)
Collecting kiwisolver>=1.0.1
  Downloading kiwisolver-1.3.2-cp37-cp37m-manylinux_2_5_x86_64.manylinux1_x86_64.whl (1.1 MB)
Collecting packaging>=20.0
  Downloading packaging-21.3-py3-none-any.whl (40 kB)
Collecting pyparsing>=2.2.1
  Downloading pyparsing-3.0.6-py3-none-any.whl (97 kB)
Requirement already satisfied: six>=1.5 in /opt/conda/lib/python3.7/site-packages (from python-dateutil>=2.7->matplotlib) (1.16.0)
Requirement already satisfied: setuptools in /opt/conda/lib/python3.7/site-packages (from setuptools-scm>=4->matplotlib) (58.0.4)
Collecting tomli>=1.0.0
  Downloading tomli-1.2.2-py3-none-any.whl (12 kB)
Installing collected packages: pyparsing, tomli, packaging, setuptools-scm, python-dateutil, kiwisolver, fonttools, cycler, tifffile, threadpoolctl, scipy, PyWavelets, networkx, matplotlib, joblib, imageio, scikit-learn, scikit-image, opencv-python-headless
Successfully installed PyWavelets-1.2.0 cycler-0.11.0 fonttools-4.28.2 imageio-2.11.1 joblib-1.1.0 kiwisolver-1.3.2 matplotlib-3.5.0 networkx-2.6.3 opencv-python-headless-4.5.4.60 packaging-21.3 pyparsing-3.0.6 python-dateutil-2.8.2 scikit-image-0.18.3 scikit-learn-1.0.1 scipy-1.7.2 setuptools-scm-6.3.2 threadpoolctl-3.0.0 tifffile-2021.11.2 tomli-1.2.2
[91mWARNING: Running pip as the 'root' user can result in broken permissions and conflicting behaviour with the system package manager. It is recommended to use a virtual environment instead: https://pip.pypa.io/warnings/venv
[0mRemoving intermediate container 0972b49c172c
 ---> 44957a3898b6
Step 6/10 : RUN pip install --upgrade 'torchvision==0.11.1+cu113' -f https://download.pytorch.org/whl/torch_stable.html
 ---> Running in 612c310ec975
Looking in links: https://download.pytorch.org/whl/torch_stable.html
Collecting torchvision==0.11.1+cu113
  Downloading https://download.pytorch.org/whl/cu113/torchvision-0.11.1%2Bcu113-cp37-cp37m-linux_x86_64.whl (24.6 MB)
Requirement already satisfied: torch==1.10.0 in /opt/conda/lib/python3.7/site-packages (from torchvision==0.11.1+cu113) (1.10.0)
Requirement already satisfied: pillow!=8.3.0,>=5.3.0 in /opt/conda/lib/python3.7/site-packages (from torchvision==0.11.1+cu113) (8.4.0)
Requirement already satisfied: numpy in /opt/conda/lib/python3.7/site-packages (from torchvision==0.11.1+cu113) (1.21.2)
Requirement already satisfied: typing_extensions in /opt/conda/lib/python3.7/site-packages (from torch==1.10.0->torchvision==0.11.1+cu113) (3.10.0.2)
Installing collected packages: torchvision
  Attempting uninstall: torchvision
    Found existing installation: torchvision 0.11.0
    Uninstalling torchvision-0.11.0:
      Successfully uninstalled torchvision-0.11.0
Successfully installed torchvision-0.11.1+cu113
[91mWARNING: Running pip as the 'root' user can result in broken permissions and conflicting behaviour with the system package manager. It is recommended to use a virtual environment instead: https://pip.pypa.io/warnings/venv
[0mRemoving intermediate container 612c310ec975
 ---> 024c89c8a749
Step 7/10 : COPY ./scripts/versions.sh /home/build/
 ---> 9a2eb67eee5f
Step 8/10 : RUN /home/build/versions.sh > /home/build/versions.txt
 ---> Running in f6e855a23c51
Removing intermediate container f6e855a23c51
 ---> 20f35d7418c4
Step 9/10 : COPY Dockerfile /home/build/
 ---> 6c0ae11c32a0
Step 10/10 : WORKDIR /
 ---> Running in c783564d45d3
Removing intermediate container c783564d45d3
 ---> 5bd227bcf0fc
Successfully built 5bd227bcf0fc
