Sending build context to Docker daemon  57.86kB
Step 1/9 : FROM pandoc/ubuntu-latex:2.16.2
 ---> feaf76763547
Step 2/9 : LABEL maintainer "Daniel Haase <dockerhub@dhaase.de>"
 ---> Using cache
 ---> 974aa9ecf322
Step 3/9 : ENV DEBIAN_FRONTEND=noninteractive
 ---> Using cache
 ---> 0d994f583b49
Step 4/9 : RUN apt-get update && apt-get install --no-install-recommends --assume-yes     less     mc     python3     python3-pip     nano     vim     && rm -rf /var/lib/apt/lists/*
 ---> Using cache
 ---> 13cf5248c78f
Step 5/9 : RUN pip install --upgrade 'pip' &&     pip install --no-cache-dir     'opencv-python-headless>=4.4.0,<5.0'     'scikit-image'     'scikit-learn'     'scipy'     'matplotlib'
 ---> Running in 34eff5fbaf65
Collecting pip
  Downloading pip-21.3.1-py3-none-any.whl (1.7 MB)
Installing collected packages: pip
  Attempting uninstall: pip
    Found existing installation: pip 20.0.2
    Not uninstalling pip at /usr/lib/python3/dist-packages, outside environment /usr
    Can't uninstall 'pip'. No files were found to uninstall.
Successfully installed pip-21.3.1
Collecting opencv-python-headless<5.0,>=4.4.0
  Downloading opencv_python_headless-4.5.4.60-cp38-cp38-manylinux_2_17_x86_64.manylinux2014_x86_64.whl (47.6 MB)
Collecting scikit-image
  Downloading scikit_image-0.19.0-cp38-cp38-manylinux_2_17_x86_64.manylinux2014_x86_64.whl (60.7 MB)
Collecting scikit-learn
  Downloading scikit_learn-1.0.1-cp38-cp38-manylinux_2_12_x86_64.manylinux2010_x86_64.whl (25.9 MB)
Collecting scipy
  Downloading scipy-1.7.3-cp38-cp38-manylinux_2_17_x86_64.manylinux2014_x86_64.whl (39.3 MB)
Collecting matplotlib
  Downloading matplotlib-3.5.0-cp38-cp38-manylinux_2_5_x86_64.manylinux1_x86_64.whl (11.3 MB)
Collecting numpy>=1.17.3
  Downloading numpy-1.21.4-cp38-cp38-manylinux_2_12_x86_64.manylinux2010_x86_64.whl (15.7 MB)
Collecting imageio>=2.4.1
  Downloading imageio-2.13.3-py3-none-any.whl (3.3 MB)
Collecting packaging>=20.0
  Downloading packaging-21.3-py3-none-any.whl (40 kB)
Collecting pillow!=7.1.0,!=7.1.1,!=8.3.0,>=6.1.0
  Downloading Pillow-8.4.0-cp38-cp38-manylinux_2_17_x86_64.manylinux2014_x86_64.whl (3.1 MB)
Collecting networkx>=2.2
  Downloading networkx-2.6.3-py3-none-any.whl (1.9 MB)
Collecting PyWavelets>=1.1.1
  Downloading PyWavelets-1.2.0-cp38-cp38-manylinux_2_5_x86_64.manylinux1_x86_64.whl (6.3 MB)
Collecting tifffile>=2019.7.26
  Downloading tifffile-2021.11.2-py3-none-any.whl (178 kB)
Collecting joblib>=0.11
  Downloading joblib-1.1.0-py2.py3-none-any.whl (306 kB)
Collecting threadpoolctl>=2.0.0
  Downloading threadpoolctl-3.0.0-py3-none-any.whl (14 kB)
Collecting cycler>=0.10
  Downloading cycler-0.11.0-py3-none-any.whl (6.4 kB)
Collecting pyparsing>=2.2.1
  Downloading pyparsing-3.0.6-py3-none-any.whl (97 kB)
Collecting fonttools>=4.22.0
  Downloading fonttools-4.28.3-py3-none-any.whl (884 kB)
Collecting python-dateutil>=2.7
  Downloading python_dateutil-2.8.2-py2.py3-none-any.whl (247 kB)
Collecting setuptools-scm>=4
  Downloading setuptools_scm-6.3.2-py3-none-any.whl (33 kB)
Collecting kiwisolver>=1.0.1
  Downloading kiwisolver-1.3.2-cp38-cp38-manylinux_2_5_x86_64.manylinux1_x86_64.whl (1.2 MB)
Collecting six>=1.5
  Downloading six-1.16.0-py2.py3-none-any.whl (11 kB)
Collecting tomli>=1.0.0
  Downloading tomli-1.2.2-py3-none-any.whl (12 kB)
Requirement already satisfied: setuptools in /usr/lib/python3/dist-packages (from setuptools-scm>=4->matplotlib) (45.2.0)
Installing collected packages: numpy, opencv-python-headless, pillow, imageio, scipy, pyparsing, packaging, networkx, PyWavelets, tifffile, scikit-image, joblib, threadpoolctl, scikit-learn, cycler, fonttools, six, python-dateutil, tomli, setuptools-scm, kiwisolver, matplotlib
Successfully installed PyWavelets-1.2.0 cycler-0.11.0 fonttools-4.28.3 imageio-2.13.3 joblib-1.1.0 kiwisolver-1.3.2 matplotlib-3.5.0 networkx-2.6.3 numpy-1.21.4 opencv-python-headless-4.5.4.60 packaging-21.3 pillow-8.4.0 pyparsing-3.0.6 python-dateutil-2.8.2 scikit-image-0.19.0 scikit-learn-1.0.1 scipy-1.7.3 setuptools-scm-6.3.2 six-1.16.0 threadpoolctl-3.0.0 tifffile-2021.11.2 tomli-1.2.2
Removing intermediate container 34eff5fbaf65
 ---> 3b783b6f1801
Step 6/9 : COPY ./scripts/versions.sh /home/build/
 ---> 748793f62854
Step 7/9 : RUN /home/build/versions.sh > /home/build/versions.txt
 ---> Running in 233ae9163099
Removing intermediate container 233ae9163099
 ---> c87dbfc37b9d
Step 8/9 : COPY Dockerfile /home/build/
 ---> 4ce50672147c
Step 9/9 : WORKDIR /
 ---> Running in c8b7367f2b5f
Removing intermediate container c8b7367f2b5f
 ---> 13c9b3004c8c
Successfully built 13c9b3004c8c
